<?xml version="1.0" encoding="UTF-8"?>
<testsuite xmlns:xsi="http://www.w3.org/2001/XMLSchema-instance" xsi:noNamespaceSchemaLocation="https://maven.apache.org/surefire/maven-surefire-plugin/xsd/surefire-test-report.xsd" version="3.0.2" name="com.farfarcoder.aia.AiaApplicationTests" time="1.609" tests="1" errors="0" skipped="0" failures="0">
  <properties>
[...]
</properties>
  <testcase name="contextLoads" classname="com.farfarcoder.aia.AiaApplicationTests" time="0.311">
    <system-out><![CDATA[18:38:01.399 [main] INFO org.springframework.test.context.support.AnnotationConfigContextLoaderUtils -- Could not detect default configuration classes for test class [com.farfarcoder.aia.AiaApplicationTests]: AiaApplicationTests does not declare any static, non-private, non-final, nested classes annotated with @Configuration.
18:38:01.440 [main] INFO org.springframework.boot.test.context.SpringBootTestContextBootstrapper -- Found @SpringBootConfiguration com.farfarcoder.aia.AiaApplication for test class com.farfarcoder.aia.AiaApplicationTests

  .   ____          _            __ _ _
 /\\ / ___'_ __ _ _(_)_ __  __ _ \ \ \ \
( ( )\___ | '_ | '_| | '_ \/ _` | \ \ \ \
 \\/  ___)| |_)| | | | | || (_| |  ) ) ) )
  '  |____| .__|_| |_|_| |_\__, | / / / /
 =========|_|==============|___/=/_/_/_/

 :: Spring Boot ::                (v3.5.9)

2025-12-29T18:38:01.602+09:00  INFO 21746 --- [           main] c.farfarcoder.aia.AiaApplicationTests    : Starting AiaApplicationTests using Java 24.0.1 with PID 21746 (started by milk in /Users/milk/workspace/boilerplate-maven-21/spa)
2025-12-29T18:38:01.603+09:00  INFO 21746 --- [           main] c.farfarcoder.aia.AiaApplicationTests    : No active profile set, falling back to 1 default profile: "default"
2025-12-29T18:38:01.992+09:00  INFO 21746 --- [           main] .s.d.r.c.RepositoryConfigurationDelegate : Bootstrapping Spring Data JDBC repositories in DEFAULT mode.
2025-12-29T18:38:02.000+09:00  INFO 21746 --- [           main] .s.d.r.c.RepositoryConfigurationDelegate : Finished Spring Data repository scanning in 5 ms. Found 0 JDBC repository interfaces.
2025-12-29T18:38:02.196+09:00  INFO 21746 --- [           main] o.s.v.b.OptionalValidatorFactoryBean     : Failed to set up a Bean Validation provider: jakarta.validation.NoProviderFoundException: Unable to create a Configuration, because no Jakarta Bean Validation provider could be found. Add a provider like Hibernate Validator (RI) to your classpath.
2025-12-29T18:38:02.454+09:00  INFO 21746 --- [           main] com.zaxxer.hikari.HikariDataSource       : HikariPool-1 - Starting...
2025-12-29T18:38:02.526+09:00  INFO 21746 --- [           main] com.zaxxer.hikari.pool.HikariPool        : HikariPool-1 - Added connection conn0: url=jdbc:h2:mem:e888e19b-6a81-407c-b0fe-12ee643b2c9e user=SA
2025-12-29T18:38:02.527+09:00  INFO 21746 --- [           main] com.zaxxer.hikari.HikariDataSource       : HikariPool-1 - Start completed.
2025-12-29T18:38:02.569+09:00  INFO 21746 --- [           main] o.s.b.a.e.web.EndpointLinksResolver      : Exposing 13 endpoints beneath base path '/actuator'
2025-12-29T18:38:02.604+09:00  INFO 21746 --- [           main] c.farfarcoder.aia.AiaApplicationTests    : Started AiaApplicationTests in 1.11 seconds (process running for 1.49)
hello java springboot 3.5.9 java21
]]></system-out>
    <system-err><![CDATA[Mockito is currently self-attaching to enable the inline-mock-maker. This will no longer work in future releases of the JDK. Please add Mockito as an agent to your build as described in Mockito's documentation: https://javadoc.io/doc/org.mockito/mockito-core/latest/org.mockito/org/mockito/Mockito.html#0.3
WARNING: A Java agent has been loaded dynamically (/Users/milk/.m2/repository/net/bytebuddy/byte-buddy-agent/1.17.8/byte-buddy-agent-1.17.8.jar)
WARNING: If a serviceability tool is in use, please run with -XX:+EnableDynamicAgentLoading to hide this warning
WARNING: If a serviceability tool is not in use, please run with -Djdk.instrument.traceUsage for more information
WARNING: Dynamic loading of agents will be disallowed by default in a future release
]]></system-err>
  </testcase>
</testsuite>